[2024/01/31 13:12:30.690] <INFO> "Ini settings file path is: C:/Users/Liuyunhuang/AppData/Local/YunhuangLiu/SLMasterGui/SLMasterGui.ini"
[2024/01/31 13:12:30.710] <INFO> load settings file sucess.
[2024/01/31 13:12:32.055] <DEBUG> CUDA Device nums:  1
[2024/01/31 13:12:32.262] <INFO> "set camera config json path..."
[2024/01/31 13:12:32.265] <DEBUG> ("C:/Users/Liuyunhuang/Desktop/code/Qt/SLMaster/build/gui", "qrc:/qt-project.org/imports", "C:/Qt/5.15.14/msvc2019_64/qml")
[2024/01/31 13:12:32.347] <WARNING> Attribute Qt::AA_EnableHighDpiScaling must be set before QCoreApplication is created.
[2024/01/31 13:12:32.348] <WARNING> "setting file dosn't contain this key: vsync, return default val: true"
[2024/01/31 13:12:33.159] <WARNING> QWindowsWindow::setGeometry: Unable to set geometry 280x1190+1141+539 (frame: 304x1202+1129+539) on MainWindow_QMLTYPE_126/"" on "\\.\DISPLAY1". Resulting geometry: 910x1242+1141+487 (frame: 934x1254+1129+487) margins: 12, 0, 12, 12 minimum size: 520x200 MINMAXINFO maxSize=0,0 maxpos=0,0 mintrack=934,362 maxtrack=0,0)
[2024/01/31 13:12:33.758] <WARNING> qrc:/ui/page/Page_Device.qml:236:37: QML FluSpinBox: Binding loop detected for property "value"
[2024/01/31 13:12:33.797] <WARNING> Qt Quick Layouts: Detected recursive rearrange. Aborting after two iterations.
[2024/01/31 13:12:33.811] <WARNING> Qt Quick Layouts: Detected recursive rearrange. Aborting after two iterations.
[2024/01/31 13:12:33.826] <WARNING> Qt Quick Layouts: Detected recursive rearrange. Aborting after two iterations.
[2024/01/31 13:12:33.840] <WARNING> Qt Quick Layouts: Detected recursive rearrange. Aborting after two iterations.
[2024/01/31 13:12:33.853] <WARNING> Qt Quick Layouts: Detected recursive rearrange. Aborting after two iterations.
[2024/01/31 13:12:33.853] <WARNING> Qt Quick Layouts: Detected recursive rearrange. Aborting after two iterations.
[2024/01/31 13:12:33.854] <WARNING> Qt Quick Layouts: Detected recursive rearrange. Aborting after two iterations.
[2024/01/31 13:12:33.855] <WARNING> Qt Quick Layouts: Detected recursive rearrange. Aborting after two iterations.
[2024/01/31 13:12:33.872] <WARNING> qrc:/ui/page/Page_Device.qml:134:29: QML ColumnLayout: Detected anchors on an item that is managed by a layout. This is undefined behavior; use Layout.alignment instead.
[2024/01/31 13:12:33.874] <WARNING> qrc:/ui/page/Page_Device.qml:134:29: QML ColumnLayout: Detected anchors on an item that is managed by a layout. This is undefined behavior; use Layout.alignment instead.
[2024/01/31 13:12:33.881] <WARNING> qrc:/ui/page/Page_Device.qml:12:1: QML Page_Device: Detected anchors on an item that is managed by a layout. This is undefined behavior; use Layout.alignment instead.
[2024/01/31 13:12:33.882] <WARNING> qrc:/ui/page/Page_Device.qml:12:1: QML Page_Device: Detected anchors on an item that is managed by a layout. This is undefined behavior; use Layout.alignment instead.
[2024/01/31 13:12:33.949] <WARNING> qrc:/ui/page/Page_Scan.qml:317:33: QML FluSpinBox: Binding loop detected for property "value"
[2024/01/31 13:12:34.009] <WARNING> Qt Quick Layouts: Detected recursive rearrange. Aborting after two iterations.
[2024/01/31 13:12:34.015] <WARNING> Qt Quick Layouts: Detected recursive rearrange. Aborting after two iterations.
[2024/01/31 13:12:34.021] <WARNING> Qt Quick Layouts: Detected recursive rearrange. Aborting after two iterations.
[2024/01/31 13:12:34.026] <WARNING> Qt Quick Layouts: Detected recursive rearrange. Aborting after two iterations.
[2024/01/31 13:12:34.027] <WARNING> Qt Quick Layouts: Detected recursive rearrange. Aborting after two iterations.
[2024/01/31 13:12:34.027] <WARNING> Qt Quick Layouts: Detected recursive rearrange. Aborting after two iterations.
[2024/01/31 13:12:34.061] <WARNING> qrc:/ui/page/Page_Device.qml:12:1: QML Page_Device: Detected anchors on an item that is managed by a layout. This is undefined behavior; use Layout.alignment instead.
[2024/01/31 13:12:34.062] <WARNING> qrc:/ui/page/Page_Scan.qml:12:1: QML Page_Scan: Detected anchors on an item that is managed by a layout. This is undefined behavior; use Layout.alignment instead.
[2024/01/31 13:12:34.063] <WARNING> qrc:/ui/page/Page_Device.qml:12:1: QML Page_Device: Detected anchors on an item that is managed by a layout. This is undefined behavior; use Layout.alignment instead.
[2024/01/31 13:12:34.063] <WARNING> qrc:/ui/page/Page_Scan.qml:12:1: QML Page_Scan: Detected anchors on an item that is managed by a layout. This is undefined behavior; use Layout.alignment instead.
[2024/01/31 13:12:34.131] <WARNING> qrc:/ui/page/Page_Device.qml:12:1: QML Page_Device: Detected anchors on an item that is managed by a layout. This is undefined behavior; use Layout.alignment instead.
[2024/01/31 13:12:34.131] <WARNING> qrc:/ui/page/Page_Scan.qml:12:1: QML Page_Scan: Detected anchors on an item that is managed by a layout. This is undefined behavior; use Layout.alignment instead.
[2024/01/31 13:12:34.131] <WARNING> qrc:/ui/page/Page_PostProcessOutput.qml:12:1: QML Page_PostProcessOutput: Detected anchors on an item that is managed by a layout. This is undefined behavior; use Layout.alignment instead.
[2024/01/31 13:12:34.132] <WARNING> qrc:/ui/page/Page_Device.qml:12:1: QML Page_Device: Detected anchors on an item that is managed by a layout. This is undefined behavior; use Layout.alignment instead.
[2024/01/31 13:12:34.132] <WARNING> qrc:/ui/page/Page_Scan.qml:12:1: QML Page_Scan: Detected anchors on an item that is managed by a layout. This is undefined behavior; use Layout.alignment instead.
[2024/01/31 13:12:34.132] <WARNING> qrc:/ui/page/Page_PostProcessOutput.qml:12:1: QML Page_PostProcessOutput: Detected anchors on an item that is managed by a layout. This is undefined behavior; use Layout.alignment instead.
[2024/01/31 13:12:34.136] <WARNING> qrc:/ui/page/Page_Scan.qml:321:37: Unable to assign [undefined] to QQuickItem*
[2024/01/31 13:12:34.136] <WARNING> qrc:/ui/page/Page_Scan.qml:322:37: Unable to assign [undefined] to QQuickItem*
[2024/01/31 13:12:34.136] <WARNING> qrc:/ui/page/Page_Scan.qml:373:37: Unable to assign [undefined] to QQuickItem*
[2024/01/31 13:12:34.137] <WARNING> qrc:/ui/page/Page_Scan.qml:374:37: Unable to assign [undefined] to QQuickItem*
[2024/01/31 13:12:34.137] <WARNING> qrc:/ui/page/Page_Scan.qml:413:37: Unable to assign [undefined] to QQuickItem*
[2024/01/31 13:12:34.137] <WARNING> qrc:/ui/page/Page_Scan.qml:414:37: Unable to assign [undefined] to QQuickItem*
[2024/01/31 13:12:34.137] <WARNING> qrc:/ui/page/Page_Device.qml:240:41: Unable to assign [undefined] to QQuickItem*
[2024/01/31 13:12:34.137] <WARNING> qrc:/ui/page/Page_Device.qml:241:41: Unable to assign [undefined] to QQuickItem*
[2024/01/31 13:12:34.137] <WARNING> qrc:/ui/page/Page_Device.qml:294:41: Unable to assign [undefined] to QQuickItem*
[2024/01/31 13:12:34.137] <WARNING> qrc:/ui/page/Page_Device.qml:295:41: Unable to assign [undefined] to QQuickItem*
[2024/01/31 13:12:34.138] <WARNING> qrc:/ui/page/Page_Device.qml:335:41: Unable to assign [undefined] to QQuickItem*
[2024/01/31 13:12:34.138] <WARNING> qrc:/ui/page/Page_Device.qml:336:41: Unable to assign [undefined] to QQuickItem*
[2024/01/31 13:12:34.138] <WARNING> qrc:/ui/page/Page_Device.qml:376:41: Unable to assign [undefined] to QQuickItem*
[2024/01/31 13:12:34.138] <WARNING> qrc:/ui/page/Page_Device.qml:377:41: Unable to assign [undefined] to QQuickItem*
[2024/01/31 13:12:34.226] <WARNING> qrc:/ui/page/Page_Device.qml:134:29: QML ColumnLayout: Detected anchors on an item that is managed by a layout. This is undefined behavior; use Layout.alignment instead.
[2024/01/31 13:12:34.229] <WARNING> qrc:/ui/page/Page_Device.qml:134:29: QML ColumnLayout: Detected anchors on an item that is managed by a layout. This is undefined behavior; use Layout.alignment instead.
[2024/01/31 13:12:34.306] <WARNING> qrc:/ui/page/Page_Device.qml:134:29: QML ColumnLayout: Detected anchors on an item that is managed by a layout. This is undefined behavior; use Layout.alignment instead.
[2024/01/31 13:12:34.307] <WARNING> qrc:/ui/page/Page_Device.qml:134:29: QML ColumnLayout: Detected anchors on an item that is managed by a layout. This is undefined behavior; use Layout.alignment instead.
[2024/01/31 13:12:34.309] <WARNING> qrc:/ui/page/Page_Device.qml:134:29: QML ColumnLayout: Detected anchors on an item that is managed by a layout. This is undefined behavior; use Layout.alignment instead.
[2024/01/31 13:12:34.313] <WARNING> qrc:/ui/page/Page_Device.qml:134:29: QML ColumnLayout: Detected anchors on an item that is managed by a layout. This is undefined behavior; use Layout.alignment instead.
[2024/01/31 13:12:34.315] <WARNING> qrc:/ui/page/Page_Device.qml:134:29: QML ColumnLayout: Detected anchors on an item that is managed by a layout. This is undefined behavior; use Layout.alignment instead.
[2024/01/31 13:12:34.317] <WARNING> Qt Quick Layouts: Polish loop detected. Aborting after two iterations.
[2024/01/31 13:12:34.317] <WARNING> qrc:/ui/page/Page_Device.qml:134:29: QML ColumnLayout: Detected anchors on an item that is managed by a layout. This is undefined behavior; use Layout.alignment instead.
[2024/01/31 13:12:34.318] <WARNING> qrc:/ui/page/Page_Device.qml:134:29: QML ColumnLayout: Detected anchors on an item that is managed by a layout. This is undefined behavior; use Layout.alignment instead.
[2024/01/31 13:12:39.600] <WARNING> qrc:/ui/page/Page_Device.qml:12:1: QML Page_Device: Detected anchors on an item that is managed by a layout. This is undefined behavior; use Layout.alignment instead.
[2024/01/31 13:12:39.600] <WARNING> qrc:/ui/page/Page_Scan.qml:12:1: QML Page_Scan: Detected anchors on an item that is managed by a layout. This is undefined behavior; use Layout.alignment instead.
[2024/01/31 13:12:39.601] <WARNING> qrc:/ui/page/Page_PostProcessOutput.qml:12:1: QML Page_PostProcessOutput: Detected anchors on an item that is managed by a layout. This is undefined behavior; use Layout.alignment instead.
[2024/01/31 13:12:39.601] <WARNING> qrc:/ui/page/Page_PostProcess.qml:14:1: QML Page_PostProcess: Detected anchors on an item that is managed by a layout. This is undefined behavior; use Layout.alignment instead.
[2024/01/31 13:12:39.601] <WARNING> qrc:/ui/page/Page_Device.qml:12:1: QML Page_Device: Detected anchors on an item that is managed by a layout. This is undefined behavior; use Layout.alignment instead.
[2024/01/31 13:12:39.601] <WARNING> qrc:/ui/page/Page_Scan.qml:12:1: QML Page_Scan: Detected anchors on an item that is managed by a layout. This is undefined behavior; use Layout.alignment instead.
[2024/01/31 13:12:39.602] <WARNING> qrc:/ui/page/Page_PostProcessOutput.qml:12:1: QML Page_PostProcessOutput: Detected anchors on an item that is managed by a layout. This is undefined behavior; use Layout.alignment instead.
[2024/01/31 13:12:39.602] <WARNING> qrc:/ui/page/Page_PostProcess.qml:14:1: QML Page_PostProcess: Detected anchors on an item that is managed by a layout. This is undefined behavior; use Layout.alignment instead.
[2024/01/31 13:12:39.606] <WARNING> qrc:/ui/page/Page_Device.qml:134:29: QML ColumnLayout: Detected anchors on an item that is managed by a layout. This is undefined behavior; use Layout.alignment instead.
[2024/01/31 13:12:41.281] <WARNING> Qt Quick Layouts: Detected recursive rearrange. Aborting after two iterations.
[2024/01/31 13:12:46.110] <WARNING> qrc:/ui/nodes/SACSegmentNode.qml:99:25: Unable to assign [undefined] to QQuickItem*
[2024/01/31 13:12:46.111] <WARNING> qrc:/ui/nodes/SACSegmentNode.qml:100:25: Unable to assign [undefined] to QQuickItem*
[2024/01/31 13:12:48.239] <DEBUG> [Cloud Input Node]: Completed!
[2024/01/31 13:12:57.244] <DEBUG> [SAC Segment Node]: Completed!
[2024/01/31 13:12:59.730] <WARNING> qrc:/ui/nodes/SplitOutputNode.qml:65:17: Unable to assign [undefined] to QQuickItem*
[2024/01/31 13:12:59.730] <WARNING> qrc:/ui/nodes/SplitOutputNode.qml:64:17: Unable to assign [undefined] to QQuickItem*
[2024/01/31 13:13:02.723] <WARNING> qrc:/ui/nodes/SplitOutputNode.qml:65:17: Unable to assign [undefined] to QQuickItem*
[2024/01/31 13:13:02.724] <WARNING> qrc:/ui/nodes/SplitOutputNode.qml:64:17: Unable to assign [undefined] to QQuickItem*
[2024/01/31 13:13:26.708] <DEBUG> [Split Output Node]: Completed!
[2024/01/31 13:13:31.359] <DEBUG> [Split Output Node]: Completed!
[2024/01/31 13:13:42.867] <WARNING> qrc:/ui/nodes/SplitOutputNode.qml:65:17: Unable to assign [undefined] to QQuickItem*
[2024/01/31 13:13:42.867] <WARNING> qrc:/ui/nodes/SplitOutputNode.qml:64:17: Unable to assign [undefined] to QQuickItem*
[2024/01/31 13:13:45.865] <WARNING> qrc:/ui/nodes/SACSegmentNode.qml:99:25: Unable to assign [undefined] to QQuickItem*
[2024/01/31 13:13:45.866] <WARNING> qrc:/ui/nodes/SACSegmentNode.qml:100:25: Unable to assign [undefined] to QQuickItem*
[2024/01/31 13:13:50.388] <DEBUG> [SAC Segment Node]: Completed!
[2024/01/31 13:13:55.193] <WARNING> qrc:/ui/nodes/SplitOutputNode.qml:65:17: Unable to assign [undefined] to QQuickItem*
[2024/01/31 13:13:55.193] <WARNING> qrc:/ui/nodes/SplitOutputNode.qml:64:17: Unable to assign [undefined] to QQuickItem*
[2024/01/31 13:13:55.329] <WARNING> qrc:/ui/nodes/SplitOutputNode.qml:65:17: Unable to assign [undefined] to QQuickItem*
[2024/01/31 13:13:55.330] <WARNING> qrc:/ui/nodes/SplitOutputNode.qml:64:17: Unable to assign [undefined] to QQuickItem*
[2024/01/31 13:14:05.604] <DEBUG> [Split Output Node]: Completed!
[2024/01/31 13:14:08.057] <DEBUG> [Split Output Node]: Completed!
[2024/01/31 13:14:14.664] <DEBUG> Cloud Output Node Completed!
[2024/01/31 13:14:21.061] <DEBUG> [SAC Segment Node]: Completed!
[2024/01/31 13:14:21.062] <DEBUG> [Split Output Node]: Completed!
[2024/01/31 13:14:21.062] <DEBUG> [Split Output Node]: Completed!
[2024/01/31 13:14:21.406] <DEBUG> [SAC Segment Node]: Completed!
[2024/01/31 13:14:21.412] <DEBUG> Cloud Output Node Completed!
[2024/01/31 13:14:21.412] <DEBUG> [Split Output Node]: Completed!
[2024/01/31 13:14:21.412] <DEBUG> [Split Output Node]: Completed!
[2024/01/31 13:14:37.529] <DEBUG> Cloud Output Node Completed!
[2024/01/31 13:14:58.148] <DEBUG> Cloud Output Node Completed!
[2024/01/31 13:15:03.364] <DEBUG> [SAC Segment Node]: Completed!
[2024/01/31 13:15:03.366] <DEBUG> [Split Output Node]: Completed!
[2024/01/31 13:15:03.371] <DEBUG> Cloud Output Node Completed!
[2024/01/31 13:15:03.372] <DEBUG> [Split Output Node]: Completed!
[2024/01/31 13:15:03.721] <DEBUG> [SAC Segment Node]: Completed!
[2024/01/31 13:15:03.722] <DEBUG> Cloud Output Node Completed!
[2024/01/31 13:15:03.722] <DEBUG> [Split Output Node]: Completed!
[2024/01/31 13:15:03.723] <DEBUG> Cloud Output Node Completed!
[2024/01/31 13:15:03.723] <DEBUG> [Split Output Node]: Completed!
[2024/01/31 13:15:10.249] <DEBUG> Cloud Output Node Completed!
[2024/01/31 13:15:14.969] <DEBUG> [SAC Segment Node]: Completed!
[2024/01/31 13:15:14.971] <DEBUG> [Split Output Node]: Completed!
[2024/01/31 13:15:14.976] <DEBUG> Cloud Output Node Completed!
[2024/01/31 13:15:14.977] <DEBUG> [Split Output Node]: Completed!
[2024/01/31 13:15:15.322] <DEBUG> [SAC Segment Node]: Completed!
[2024/01/31 13:15:15.324] <DEBUG> Cloud Output Node Completed!
[2024/01/31 13:15:15.324] <DEBUG> [Split Output Node]: Completed!
[2024/01/31 13:15:15.324] <DEBUG> Cloud Output Node Completed!
[2024/01/31 13:15:15.325] <DEBUG> Cloud Output Node Completed!
[2024/01/31 13:15:15.325] <DEBUG> [Split Output Node]: Completed!
[2024/01/31 13:15:21.185] <DEBUG> Cloud Output Node Completed!
[2024/01/31 13:15:29.315] <WARNING> qrc:/ui/nodes/SACSegmentNode.qml:99:25: Unable to assign [undefined] to QQuickItem*
[2024/01/31 13:15:29.315] <WARNING> qrc:/ui/nodes/SACSegmentNode.qml:100:25: Unable to assign [undefined] to QQuickItem*
[2024/01/31 13:15:33.598] <DEBUG> [SAC Segment Node]: Completed!
[2024/01/31 13:15:44.327] <WARNING> qrc:/ui/nodes/SplitOutputNode.qml:65:17: Unable to assign [undefined] to QQuickItem*
[2024/01/31 13:15:44.327] <WARNING> qrc:/ui/nodes/SplitOutputNode.qml:64:17: Unable to assign [undefined] to QQuickItem*
[2024/01/31 13:15:50.889] <DEBUG> [Split Output Node]: Completed!
[2024/01/31 13:15:58.278] <DEBUG> Cloud Output Node Completed!
[2024/01/31 13:16:04.362] <DEBUG> [SAC Segment Node]: Completed!
[2024/01/31 13:16:04.363] <DEBUG> [Split Output Node]: Completed!
[2024/01/31 13:16:04.364] <DEBUG> [Split Output Node]: Completed!
[2024/01/31 13:16:04.710] <DEBUG> [SAC Segment Node]: Completed!
[2024/01/31 13:16:04.711] <DEBUG> [Split Output Node]: Completed!
[2024/01/31 13:16:04.712] <DEBUG> [Split Output Node]: Completed!
[2024/01/31 13:16:04.809] <DEBUG> [SAC Segment Node]: Completed!
[2024/01/31 13:16:04.815] <DEBUG> Cloud Output Node Completed!
[2024/01/31 13:16:04.815] <DEBUG> [Split Output Node]: Completed!
[2024/01/31 13:16:14.740] <DEBUG> [SAC Segment Node]: Completed!
[2024/01/31 13:16:14.742] <DEBUG> [Split Output Node]: Completed!
[2024/01/31 13:16:14.742] <DEBUG> [Split Output Node]: Completed!
[2024/01/31 13:16:15.084] <DEBUG> [SAC Segment Node]: Completed!
[2024/01/31 13:16:15.085] <DEBUG> [Split Output Node]: Completed!
[2024/01/31 13:16:15.086] <DEBUG> [Split Output Node]: Completed!
[2024/01/31 13:16:15.167] <DEBUG> [SAC Segment Node]: Completed!
[2024/01/31 13:16:15.174] <DEBUG> Cloud Output Node Completed!
[2024/01/31 13:16:15.174] <DEBUG> [Split Output Node]: Completed!
[2024/01/31 13:16:21.486] <DEBUG> [SAC Segment Node]: Completed!
[2024/01/31 13:16:21.487] <DEBUG> [Split Output Node]: Completed!
[2024/01/31 13:16:21.488] <DEBUG> [Split Output Node]: Completed!
[2024/01/31 13:16:21.832] <DEBUG> [SAC Segment Node]: Completed!
[2024/01/31 13:16:21.833] <DEBUG> [Split Output Node]: Completed!
[2024/01/31 13:16:21.833] <DEBUG> [Split Output Node]: Completed!
[2024/01/31 13:16:21.906] <DEBUG> [SAC Segment Node]: Completed!
[2024/01/31 13:16:21.912] <DEBUG> Cloud Output Node Completed!
[2024/01/31 13:16:21.912] <DEBUG> [Split Output Node]: Completed!
[2024/01/31 13:16:29.767] <DEBUG> [SAC Segment Node]: Completed!
[2024/01/31 13:16:29.768] <DEBUG> [Split Output Node]: Completed!
[2024/01/31 13:16:29.769] <DEBUG> [Split Output Node]: Completed!
[2024/01/31 13:16:30.111] <DEBUG> [SAC Segment Node]: Completed!
[2024/01/31 13:16:30.113] <DEBUG> [Split Output Node]: Completed!
[2024/01/31 13:16:30.113] <DEBUG> [Split Output Node]: Completed!
[2024/01/31 13:16:30.184] <DEBUG> [SAC Segment Node]: Completed!
[2024/01/31 13:16:30.190] <DEBUG> Cloud Output Node Completed!
[2024/01/31 13:16:30.190] <DEBUG> [Split Output Node]: Completed!
[2024/01/31 13:16:52.723] <DEBUG> [Intersection Line Node]: Completed!
[2024/01/31 13:17:18.396] <DEBUG> [Intersection Line Node]: Completed!
[2024/01/31 13:18:02.415] <DEBUG> [Intersection Line Node]: Completed!
[2024/01/31 13:18:44.528] <DEBUG> [Intersection Line Node]: Completed!
[2024/01/31 13:18:53.364] <DEBUG> [Intersection Line Node]: Completed!
[2024/01/31 13:19:13.834] <DEBUG> [SAC Segment Node]: Completed!
[2024/01/31 13:19:13.836] <DEBUG> [Split Output Node]: Completed!
[2024/01/31 13:19:13.837] <DEBUG> [Split Output Node]: Completed!
[2024/01/31 13:19:13.926] <DEBUG> [Intersection Line Node]: Completed!
[2024/01/31 13:19:13.934] <DEBUG> [Intersection Line Node]: Completed!
[2024/01/31 13:19:14.182] <DEBUG> [SAC Segment Node]: Completed!
[2024/01/31 13:19:14.183] <DEBUG> [Split Output Node]: Completed!
[2024/01/31 13:19:14.261] <DEBUG> [SAC Segment Node]: Completed!
[2024/01/31 13:19:14.277] <DEBUG> [Intersection Line Node]: Completed!
[2024/01/31 13:19:14.293] <DEBUG> [Intersection Line Node]: Completed!
[2024/01/31 13:19:14.297] <DEBUG> [Intersection Line Node]: Completed!
[2024/01/31 13:19:14.298] <DEBUG> [Split Output Node]: Completed!
[2024/01/31 13:19:14.407] <DEBUG> [Intersection Line Node]: Completed!
[2024/01/31 13:19:14.411] <DEBUG> [Intersection Line Node]: Completed!
[2024/01/31 13:19:14.412] <DEBUG> [Split Output Node]: Completed!
[2024/01/31 13:19:14.511] <DEBUG> [Intersection Line Node]: Completed!
[2024/01/31 13:19:35.869] <DEBUG> x:  48.8123 , y:  68.1393 , z:  493.899
[2024/01/31 13:19:35.869] <DEBUG> [Three Line Intersection Node]: Completed!
[2024/01/31 13:21:13.526] <DEBUG> Cloud Output Node Completed!
[2024/01/31 13:21:28.186] <DEBUG> [SAC Segment Node]: Completed!
[2024/01/31 13:21:28.188] <DEBUG> [Split Output Node]: Completed!
[2024/01/31 13:21:28.188] <DEBUG> [Split Output Node]: Completed!
[2024/01/31 13:21:28.275] <DEBUG> [Intersection Line Node]: Completed!
[2024/01/31 13:21:28.276] <DEBUG> x:  48.8123 , y:  68.1393 , z:  493.899
[2024/01/31 13:21:28.276] <DEBUG> [Three Line Intersection Node]: Completed!
[2024/01/31 13:21:28.283] <DEBUG> [Intersection Line Node]: Completed!
[2024/01/31 13:21:28.284] <DEBUG> x:  48.8123 , y:  68.1393 , z:  493.899
[2024/01/31 13:21:28.284] <DEBUG> [Three Line Intersection Node]: Completed!
[2024/01/31 13:21:28.407] <DEBUG> [SAC Segment Node]: Completed!
[2024/01/31 13:21:28.408] <DEBUG> [Split Output Node]: Completed!
[2024/01/31 13:21:28.468] <DEBUG> [SAC Segment Node]: Completed!
[2024/01/31 13:21:28.512] <DEBUG> [Intersection Line Node]: Completed!
[2024/01/31 13:21:28.512] <DEBUG> [Intersection Line Node]: Completed!
[2024/01/31 13:21:28.530] <DEBUG> [Intersection Line Node]: Completed!
[2024/01/31 13:21:28.536] <DEBUG> Cloud Output Node Completed!
[2024/01/31 13:21:28.536] <DEBUG> [Split Output Node]: Completed!
[2024/01/31 13:21:28.623] <DEBUG> [Intersection Line Node]: Completed!
[2024/01/31 13:21:28.644] <DEBUG> [Intersection Line Node]: Completed!
[2024/01/31 13:21:28.645] <DEBUG> [Split Output Node]: Completed!
[2024/01/31 13:21:28.645] <DEBUG> x:  107.865 , y:  47.7445 , z:  577.164
[2024/01/31 13:21:28.646] <DEBUG> [Three Line Intersection Node]: Completed!
[2024/01/31 13:21:28.646] <DEBUG> x:  107.865 , y:  47.7445 , z:  577.164
[2024/01/31 13:21:28.646] <DEBUG> [Three Line Intersection Node]: Completed!
[2024/01/31 13:21:28.647] <DEBUG> x:  107.865 , y:  47.7445 , z:  577.164
[2024/01/31 13:21:28.647] <DEBUG> [Three Line Intersection Node]: Completed!
[2024/01/31 13:21:28.656] <DEBUG> x:  107.865 , y:  47.7445 , z:  577.164
[2024/01/31 13:21:28.656] <DEBUG> [Three Line Intersection Node]: Completed!
[2024/01/31 13:21:28.657] <DEBUG> x:  107.865 , y:  47.7445 , z:  577.164
[2024/01/31 13:21:28.658] <DEBUG> [Three Line Intersection Node]: Completed!
[2024/01/31 13:21:28.749] <DEBUG> [Intersection Line Node]: Completed!
[2024/01/31 13:21:28.750] <DEBUG> x:  48.9325 , y:  68.5838 , z:  494.091
[2024/01/31 13:21:28.750] <DEBUG> [Three Line Intersection Node]: Completed!
[2024/01/31 13:21:48.135] <DEBUG> [SAC Segment Node]: Completed!
[2024/01/31 13:21:48.137] <DEBUG> [Split Output Node]: Completed!
[2024/01/31 13:21:48.137] <DEBUG> [Split Output Node]: Completed!
[2024/01/31 13:21:48.250] <DEBUG> [Intersection Line Node]: Completed!
[2024/01/31 13:21:48.251] <DEBUG> x:  48.9325 , y:  68.5838 , z:  494.091
[2024/01/31 13:21:48.251] <DEBUG> [Three Line Intersection Node]: Completed!
[2024/01/31 13:21:48.265] <DEBUG> [Intersection Line Node]: Completed!
[2024/01/31 13:21:48.266] <DEBUG> x:  -38.6899 , y:  64.8188 , z:  554.584
[2024/01/31 13:21:48.266] <DEBUG> [Three Line Intersection Node]: Completed!
[2024/01/31 13:21:48.320] <DEBUG> [SAC Segment Node]: Completed!
[2024/01/31 13:21:48.322] <DEBUG> [Split Output Node]: Completed!
[2024/01/31 13:21:48.366] <DEBUG> [SAC Segment Node]: Completed!
[2024/01/31 13:21:48.414] <DEBUG> [Intersection Line Node]: Completed!
[2024/01/31 13:21:48.421] <DEBUG> Cloud Output Node Completed!
[2024/01/31 13:21:48.421] <DEBUG> [Split Output Node]: Completed!
[2024/01/31 13:21:48.435] <DEBUG> [Intersection Line Node]: Completed!
[2024/01/31 13:21:48.437] <DEBUG> [Intersection Line Node]: Completed!
[2024/01/31 13:21:48.508] <DEBUG> [Intersection Line Node]: Completed!
[2024/01/31 13:21:48.508] <DEBUG> [Split Output Node]: Completed!
[2024/01/31 13:21:48.509] <DEBUG> x:  -53.0546 , y:  64.1335 , z:  564.484
[2024/01/31 13:21:48.509] <DEBUG> [Three Line Intersection Node]: Completed!
[2024/01/31 13:21:48.518] <DEBUG> x:  -53.0546 , y:  64.1335 , z:  564.484
[2024/01/31 13:21:48.518] <DEBUG> [Three Line Intersection Node]: Completed!
[2024/01/31 13:21:48.519] <DEBUG> x:  -53.0546 , y:  64.1335 , z:  564.484
[2024/01/31 13:21:48.519] <DEBUG> [Three Line Intersection Node]: Completed!
[2024/01/31 13:21:48.520] <DEBUG> x:  -53.0546 , y:  64.1335 , z:  564.484
[2024/01/31 13:21:48.520] <DEBUG> [Three Line Intersection Node]: Completed!
[2024/01/31 13:21:48.541] <DEBUG> [Intersection Line Node]: Completed!
[2024/01/31 13:21:48.557] <DEBUG> x:  -53.0546 , y:  64.1335 , z:  564.484
[2024/01/31 13:21:48.557] <DEBUG> [Three Line Intersection Node]: Completed!
[2024/01/31 13:21:48.593] <DEBUG> [Intersection Line Node]: Completed!
[2024/01/31 13:21:48.594] <DEBUG> x:  48.985 , y:  68.9548 , z:  494.403
[2024/01/31 13:21:48.594] <DEBUG> [Three Line Intersection Node]: Completed!
[2024/01/31 13:22:50.603] <DEBUG> Cloud Output Node Completed!
[2024/01/31 13:23:09.294] <DEBUG> [SAC Segment Node]: Completed!
[2024/01/31 13:23:09.296] <DEBUG> [Split Output Node]: Completed!
[2024/01/31 13:23:09.302] <DEBUG> Cloud Output Node Completed!
[2024/01/31 13:23:09.302] <DEBUG> [Split Output Node]: Completed!
[2024/01/31 13:23:09.402] <DEBUG> [Intersection Line Node]: Completed!
[2024/01/31 13:23:09.407] <DEBUG> x:  48.985 , y:  68.9548 , z:  494.403
[2024/01/31 13:23:09.408] <DEBUG> [Three Line Intersection Node]: Completed!
[2024/01/31 13:23:09.409] <DEBUG> [Intersection Line Node]: Completed!
[2024/01/31 13:23:09.411] <DEBUG> x:  48.9514 , y:  68.6001 , z:  494.34
[2024/01/31 13:23:09.411] <DEBUG> [Three Line Intersection Node]: Completed!
[2024/01/31 13:23:09.491] <DEBUG> [SAC Segment Node]: Completed!
[2024/01/31 13:23:09.493] <DEBUG> [Split Output Node]: Completed!
[2024/01/31 13:23:09.539] <DEBUG> [SAC Segment Node]: Completed!
[2024/01/31 13:23:09.581] <DEBUG> [Intersection Line Node]: Completed!
[2024/01/31 13:23:09.583] <DEBUG> Cloud Output Node Completed!
[2024/01/31 13:23:09.583] <DEBUG> [Split Output Node]: Completed!
[2024/01/31 13:23:09.605] <DEBUG> [Intersection Line Node]: Completed!
[2024/01/31 13:23:09.608] <DEBUG> [Intersection Line Node]: Completed!
[2024/01/31 13:23:09.671] <DEBUG> [Intersection Line Node]: Completed!
[2024/01/31 13:23:09.672] <DEBUG> [Split Output Node]: Completed!
[2024/01/31 13:23:09.673] <DEBUG> x:  48.9166 , y:  68.6123 , z:  494.291
[2024/01/31 13:23:09.673] <DEBUG> [Three Line Intersection Node]: Completed!
[2024/01/31 13:23:09.679] <DEBUG> x:  48.9166 , y:  68.6123 , z:  494.291
[2024/01/31 13:23:09.680] <DEBUG> [Three Line Intersection Node]: Completed!
[2024/01/31 13:23:09.680] <DEBUG> x:  48.9166 , y:  68.6123 , z:  494.291
[2024/01/31 13:23:09.681] <DEBUG> [Three Line Intersection Node]: Completed!
[2024/01/31 13:23:09.682] <DEBUG> x:  48.9166 , y:  68.6123 , z:  494.291
[2024/01/31 13:23:09.682] <DEBUG> [Three Line Intersection Node]: Completed!
[2024/01/31 13:23:09.709] <DEBUG> [Intersection Line Node]: Completed!
[2024/01/31 13:23:09.712] <DEBUG> x:  48.9166 , y:  68.6123 , z:  494.291
[2024/01/31 13:23:09.712] <DEBUG> [Three Line Intersection Node]: Completed!
[2024/01/31 13:23:09.759] <DEBUG> [Intersection Line Node]: Completed!
[2024/01/31 13:23:09.760] <DEBUG> x:  48.9706 , y:  68.6148 , z:  494.254
[2024/01/31 13:23:09.760] <DEBUG> [Three Line Intersection Node]: Completed!
[2024/01/31 13:23:21.656] <DEBUG> [SAC Segment Node]: Completed!
[2024/01/31 13:23:21.658] <DEBUG> [Split Output Node]: Completed!
[2024/01/31 13:23:21.664] <DEBUG> Cloud Output Node Completed!
[2024/01/31 13:23:21.664] <DEBUG> [Split Output Node]: Completed!
[2024/01/31 13:23:21.768] <DEBUG> [Intersection Line Node]: Completed!
[2024/01/31 13:23:21.768] <DEBUG> x:  48.9383 , y:  68.2712 , z:  494.192
[2024/01/31 13:23:21.769] <DEBUG> [Three Line Intersection Node]: Completed!
[2024/01/31 13:23:21.774] <DEBUG> [Intersection Line Node]: Completed!
[2024/01/31 13:23:21.784] <DEBUG> x:  48.9383 , y:  68.2712 , z:  494.192
[2024/01/31 13:23:21.785] <DEBUG> [Three Line Intersection Node]: Completed!
[2024/01/31 13:23:21.879] <DEBUG> [SAC Segment Node]: Completed!
[2024/01/31 13:23:21.880] <DEBUG> [Split Output Node]: Completed!
[2024/01/31 13:23:21.941] <DEBUG> [SAC Segment Node]: Completed!
[2024/01/31 13:23:21.976] <DEBUG> [Intersection Line Node]: Completed!
[2024/01/31 13:23:21.977] <DEBUG> Cloud Output Node Completed!
[2024/01/31 13:23:21.977] <DEBUG> [Split Output Node]: Completed!
[2024/01/31 13:23:21.987] <DEBUG> [Intersection Line Node]: Completed!
[2024/01/31 13:23:21.995] <DEBUG> [Intersection Line Node]: Completed!
[2024/01/31 13:23:22.070] <DEBUG> [Intersection Line Node]: Completed!
[2024/01/31 13:23:22.071] <DEBUG> [Split Output Node]: Completed!
[2024/01/31 13:23:22.072] <DEBUG> x:  48.9322 , y:  68.2734 , z:  494.183
[2024/01/31 13:23:22.072] <DEBUG> [Three Line Intersection Node]: Completed!
[2024/01/31 13:23:22.079] <DEBUG> x:  48.9322 , y:  68.2734 , z:  494.183
[2024/01/31 13:23:22.079] <DEBUG> [Three Line Intersection Node]: Completed!
[2024/01/31 13:23:22.080] <DEBUG> x:  48.9322 , y:  68.2734 , z:  494.183
[2024/01/31 13:23:22.080] <DEBUG> [Three Line Intersection Node]: Completed!
[2024/01/31 13:23:22.081] <DEBUG> x:  48.9322 , y:  68.2734 , z:  494.183
[2024/01/31 13:23:22.081] <DEBUG> [Three Line Intersection Node]: Completed!
[2024/01/31 13:23:22.085] <DEBUG> [Intersection Line Node]: Completed!
[2024/01/31 13:23:22.107] <DEBUG> x:  48.9322 , y:  68.2734 , z:  494.183
[2024/01/31 13:23:22.107] <DEBUG> [Three Line Intersection Node]: Completed!
[2024/01/31 13:23:22.162] <DEBUG> [Intersection Line Node]: Completed!
[2024/01/31 13:23:22.163] <DEBUG> x:  48.9941 , y:  68.2761 , z:  494.141
[2024/01/31 13:23:22.163] <DEBUG> [Three Line Intersection Node]: Completed!
[2024/01/31 13:23:35.975] <DEBUG> [SAC Segment Node]: Completed!
[2024/01/31 13:23:35.976] <DEBUG> [Split Output Node]: Completed!
[2024/01/31 13:23:35.982] <DEBUG> Cloud Output Node Completed!
[2024/01/31 13:23:35.983] <DEBUG> [Split Output Node]: Completed!
[2024/01/31 13:23:36.063] <DEBUG> [Intersection Line Node]: Completed!
[2024/01/31 13:23:36.066] <DEBUG> x:  48.9941 , y:  68.2761 , z:  494.141
[2024/01/31 13:23:36.066] <DEBUG> [Three Line Intersection Node]: Completed!
[2024/01/31 13:23:36.070] <DEBUG> [Intersection Line Node]: Completed!
[2024/01/31 13:23:36.084] <DEBUG> x:  49.6595 , y:  75.386 , z:  495.445
[2024/01/31 13:23:36.084] <DEBUG> [Three Line Intersection Node]: Completed!
[2024/01/31 13:23:36.212] <DEBUG> [SAC Segment Node]: Completed!
[2024/01/31 13:23:36.213] <DEBUG> [Split Output Node]: Completed!
[2024/01/31 13:23:36.272] <DEBUG> [SAC Segment Node]: Completed!
[2024/01/31 13:23:36.298] <DEBUG> [Intersection Line Node]: Completed!
[2024/01/31 13:23:36.320] <DEBUG> [Intersection Line Node]: Completed!
[2024/01/31 13:23:36.321] <DEBUG> Cloud Output Node Completed!
[2024/01/31 13:23:36.321] <DEBUG> [Split Output Node]: Completed!
[2024/01/31 13:23:36.323] <DEBUG> [Intersection Line Node]: Completed!
[2024/01/31 13:23:36.413] <DEBUG> [Intersection Line Node]: Completed!
[2024/01/31 13:23:36.422] <DEBUG> [Intersection Line Node]: Completed!
[2024/01/31 13:23:36.423] <DEBUG> [Split Output Node]: Completed!
[2024/01/31 13:23:36.424] <DEBUG> x:  28.2203 , y:  75.9079 , z:  464.895
[2024/01/31 13:23:36.424] <DEBUG> [Three Line Intersection Node]: Completed!
[2024/01/31 13:23:36.425] <DEBUG> x:  28.2203 , y:  75.9079 , z:  464.895
[2024/01/31 13:23:36.425] <DEBUG> [Three Line Intersection Node]: Completed!
[2024/01/31 13:23:36.426] <DEBUG> x:  28.2203 , y:  75.9079 , z:  464.895
[2024/01/31 13:23:36.426] <DEBUG> [Three Line Intersection Node]: Completed!
[2024/01/31 13:23:36.431] <DEBUG> x:  28.2203 , y:  75.9079 , z:  464.895
[2024/01/31 13:23:36.431] <DEBUG> [Three Line Intersection Node]: Completed!
[2024/01/31 13:23:36.433] <DEBUG> x:  28.2203 , y:  75.9079 , z:  464.895
[2024/01/31 13:23:36.433] <DEBUG> [Three Line Intersection Node]: Completed!
[2024/01/31 13:23:36.527] <DEBUG> [Intersection Line Node]: Completed!
[2024/01/31 13:23:36.530] <DEBUG> x:  48.9325 , y:  68.5838 , z:  494.091
[2024/01/31 13:23:36.531] <DEBUG> [Three Line Intersection Node]: Completed!
[2024/01/31 13:23:58.158] <DEBUG> Cloud Output Node Completed!
[2024/01/31 13:24:09.311] <DEBUG> [SAC Segment Node]: Completed!
[2024/01/31 13:24:09.312] <DEBUG> [Split Output Node]: Completed!
[2024/01/31 13:24:09.318] <DEBUG> Cloud Output Node Completed!
[2024/01/31 13:24:09.318] <DEBUG> [Split Output Node]: Completed!
[2024/01/31 13:24:09.408] <DEBUG> [Intersection Line Node]: Completed!
[2024/01/31 13:24:09.411] <DEBUG> x:  48.9325 , y:  68.5838 , z:  494.091
[2024/01/31 13:24:09.411] <DEBUG> [Three Line Intersection Node]: Completed!
[2024/01/31 13:24:09.425] <DEBUG> [Intersection Line Node]: Completed!
[2024/01/31 13:24:09.433] <DEBUG> x:  48.9325 , y:  68.5838 , z:  494.091
[2024/01/31 13:24:09.434] <DEBUG> [Three Line Intersection Node]: Completed!
[2024/01/31 13:24:09.602] <DEBUG> [SAC Segment Node]: Completed!
[2024/01/31 13:24:09.614] <DEBUG> [Split Output Node]: Completed!
[2024/01/31 13:24:09.683] <DEBUG> [SAC Segment Node]: Completed!
[2024/01/31 13:24:09.707] <DEBUG> [Intersection Line Node]: Completed!
[2024/01/31 13:24:09.716] <DEBUG> [Intersection Line Node]: Completed!
[2024/01/31 13:24:09.719] <DEBUG> [Intersection Line Node]: Completed!
[2024/01/31 13:24:09.720] <DEBUG> Cloud Output Node Completed!
[2024/01/31 13:24:09.721] <DEBUG> Cloud Output Node Completed!
[2024/01/31 13:24:09.721] <DEBUG> [Split Output Node]: Completed!
[2024/01/31 13:24:09.818] <DEBUG> [Intersection Line Node]: Completed!
[2024/01/31 13:24:09.827] <DEBUG> [Intersection Line Node]: Completed!
[2024/01/31 13:24:09.828] <DEBUG> [Split Output Node]: Completed!
[2024/01/31 13:24:09.829] <DEBUG> x:  48.8919 , y:  68.15 , z:  494.013
[2024/01/31 13:24:09.829] <DEBUG> [Three Line Intersection Node]: Completed!
[2024/01/31 13:24:09.829] <DEBUG> x:  48.8919 , y:  68.15 , z:  494.013
[2024/01/31 13:24:09.830] <DEBUG> [Three Line Intersection Node]: Completed!
[2024/01/31 13:24:09.830] <DEBUG> x:  48.8919 , y:  68.15 , z:  494.013
[2024/01/31 13:24:09.831] <DEBUG> [Three Line Intersection Node]: Completed!
[2024/01/31 13:24:09.840] <DEBUG> x:  48.8919 , y:  68.15 , z:  494.013
[2024/01/31 13:24:09.840] <DEBUG> [Three Line Intersection Node]: Completed!
[2024/01/31 13:24:09.841] <DEBUG> x:  48.8919 , y:  68.15 , z:  494.013
[2024/01/31 13:24:09.841] <DEBUG> [Three Line Intersection Node]: Completed!
[2024/01/31 13:24:09.933] <DEBUG> [Intersection Line Node]: Completed!
[2024/01/31 13:24:09.940] <DEBUG> x:  48.8387 , y:  68.1685 , z:  493.938
[2024/01/31 13:24:09.940] <DEBUG> [Three Line Intersection Node]: Completed!
